{"contracts/BaseDareBounty.sol":{"l":{"38":0,"39":0,"43":0,"44":0,"50":0,"51":0,"56":0,"57":0,"62":0,"73":0,"74":0,"77":0,"80":0,"88":0,"93":0,"96":0,"97":0,"100":0,"101":0,"102":0,"107":0,"110":0,"113":0,"115":0,"118":0,"124":0,"127":0,"128":0,"129":0,"132":0,"133":0,"135":0,"136":0,"141":0,"142":0},"path":"/Users/mrrobot13/Desktop/basedarestar/basedare/contracts/BaseDareBounty.sol","s":{"1":0,"2":0,"3":0,"4":0,"5":0,"6":0,"7":0,"8":0,"9":0,"10":0,"11":0,"12":0,"13":0,"14":0,"15":0,"16":0,"17":0,"18":0,"19":0,"20":0,"21":0,"22":0,"23":0,"24":0},"b":{"1":[0,0],"2":[0,0],"3":[0,0],"4":[0,0],"5":[0,0],"6":[0,0],"7":[0,0],"8":[0,0],"9":[0,0],"10":[0,0],"11":[0,0],"12":[0,0],"13":[0,0],"14":[0,0],"15":[0,0],"16":[0,0],"17":[0,0],"18":[0,0],"19":[0,0],"20":[0,0],"21":[0,0],"22":[0,0],"23":[0,0]},"f":{"1":0,"2":0,"3":0,"4":0,"5":0,"6":0,"7":0,"8":0,"9":0},"fnMap":{"1":{"name":"bountyExists","line":37,"loc":{"start":{"line":37,"column":4},"end":{"line":40,"column":4}}},"2":{"name":"onlyActive","line":42,"loc":{"start":{"line":42,"column":4},"end":{"line":45,"column":4}}},"3":{"name":"onlyReferee","line":49,"loc":{"start":{"line":49,"column":4},"end":{"line":52,"column":4}}},"4":{"name":"constructor","line":55,"loc":{"start":{"line":55,"column":4},"end":{"line":58,"column":4}}},"5":{"name":"setAIRefereeAddress","line":61,"loc":{"start":{"line":61,"column":4},"end":{"line":63,"column":4}}},"6":{"name":"fundBounty","line":71,"loc":{"start":{"line":66,"column":4},"end":{"line":89,"column":4}}},"7":{"name":"verifyAndPayout","line":92,"loc":{"start":{"line":92,"column":4},"end":{"line":119,"column":4}}},"8":{"name":"refundBacker","line":123,"loc":{"start":{"line":123,"column":4},"end":{"line":137,"column":4}}},"9":{"name":"rescueERC20","line":140,"loc":{"start":{"line":140,"column":4},"end":{"line":143,"column":4}}}},"statementMap":{"1":{"start":{"line":38,"column":8},"end":{"line":38,"column":70}},"2":{"start":{"line":43,"column":8},"end":{"line":43,"column":74}},"3":{"start":{"line":50,"column":8},"end":{"line":50,"column":78}},"4":{"start":{"line":73,"column":8},"end":{"line":73,"column":71}},"5":{"start":{"line":74,"column":8},"end":{"line":74,"column":71}},"6":{"start":{"line":77,"column":8},"end":{"line":77,"column":101}},"7":{"start":{"line":88,"column":8},"end":{"line":88,"column":55}},"8":{"start":{"line":93,"column":8},"end":{"line":93,"column":49}},"9":{"start":{"line":97,"column":8},"end":{"line":97,"column":43}},"10":{"start":{"line":100,"column":8},"end":{"line":100,"column":72}},"11":{"start":{"line":101,"column":8},"end":{"line":101,"column":72}},"12":{"start":{"line":102,"column":8},"end":{"line":102,"column":72}},"13":{"start":{"line":107,"column":8},"end":{"line":107,"column":95}},"14":{"start":{"line":110,"column":8},"end":{"line":110,"column":95}},"15":{"start":{"line":113,"column":8},"end":{"line":113,"column":98}},"16":{"start":{"line":115,"column":8},"end":{"line":115,"column":76}},"17":{"start":{"line":124,"column":8},"end":{"line":124,"column":49}},"18":{"start":{"line":128,"column":8},"end":{"line":128,"column":43}},"19":{"start":{"line":129,"column":8},"end":{"line":129,"column":46}},"20":{"start":{"line":132,"column":8},"end":{"line":132,"column":78}},"21":{"start":{"line":133,"column":8},"end":{"line":133,"column":92}},"22":{"start":{"line":135,"column":8},"end":{"line":135,"column":63}},"23":{"start":{"line":141,"column":8},"end":{"line":141,"column":61}},"24":{"start":{"line":142,"column":8},"end":{"line":142,"column":48}}},"branchMap":{"1":{"line":38,"type":"if","locations":[{"start":{"line":38,"column":8},"end":{"line":38,"column":8}},{"start":{"line":38,"column":8},"end":{"line":38,"column":8}}]},"2":{"line":43,"type":"if","locations":[{"start":{"line":43,"column":8},"end":{"line":43,"column":8}},{"start":{"line":43,"column":8},"end":{"line":43,"column":8}}]},"3":{"line":50,"type":"if","locations":[{"start":{"line":50,"column":8},"end":{"line":50,"column":8}},{"start":{"line":50,"column":8},"end":{"line":50,"column":8}}]},"4":{"line":61,"type":"if","locations":[{"start":{"line":61,"column":61},"end":{"line":61,"column":61}},{"start":{"line":61,"column":61},"end":{"line":61,"column":61}}]},"5":{"line":71,"type":"if","locations":[{"start":{"line":71,"column":15},"end":{"line":71,"column":15}},{"start":{"line":71,"column":15},"end":{"line":71,"column":15}}]},"6":{"line":73,"type":"if","locations":[{"start":{"line":73,"column":8},"end":{"line":73,"column":8}},{"start":{"line":73,"column":8},"end":{"line":73,"column":8}}]},"7":{"line":74,"type":"if","locations":[{"start":{"line":74,"column":8},"end":{"line":74,"column":8}},{"start":{"line":74,"column":8},"end":{"line":74,"column":8}}]},"8":{"line":77,"type":"if","locations":[{"start":{"line":77,"column":8},"end":{"line":77,"column":8}},{"start":{"line":77,"column":8},"end":{"line":77,"column":8}}]},"9":{"line":92,"type":"if","locations":[{"start":{"line":92,"column":55},"end":{"line":92,"column":55}},{"start":{"line":92,"column":55},"end":{"line":92,"column":55}}]},"10":{"line":92,"type":"if","locations":[{"start":{"line":92,"column":68},"end":{"line":92,"column":68}},{"start":{"line":92,"column":68},"end":{"line":92,"column":68}}]},"11":{"line":92,"type":"if","locations":[{"start":{"line":92,"column":80},"end":{"line":92,"column":80}},{"start":{"line":92,"column":80},"end":{"line":92,"column":80}}]},"12":{"line":92,"type":"if","locations":[{"start":{"line":92,"column":102},"end":{"line":92,"column":102}},{"start":{"line":92,"column":102},"end":{"line":92,"column":102}}]},"13":{"line":107,"type":"if","locations":[{"start":{"line":107,"column":8},"end":{"line":107,"column":8}},{"start":{"line":107,"column":8},"end":{"line":107,"column":8}}]},"14":{"line":110,"type":"if","locations":[{"start":{"line":110,"column":8},"end":{"line":110,"column":8}},{"start":{"line":110,"column":8},"end":{"line":110,"column":8}}]},"15":{"line":113,"type":"if","locations":[{"start":{"line":113,"column":8},"end":{"line":113,"column":8}},{"start":{"line":113,"column":8},"end":{"line":113,"column":8}}]},"16":{"line":123,"type":"if","locations":[{"start":{"line":123,"column":52},"end":{"line":123,"column":52}},{"start":{"line":123,"column":52},"end":{"line":123,"column":52}}]},"17":{"line":123,"type":"if","locations":[{"start":{"line":123,"column":65},"end":{"line":123,"column":65}},{"start":{"line":123,"column":65},"end":{"line":123,"column":65}}]},"18":{"line":123,"type":"if","locations":[{"start":{"line":123,"column":77},"end":{"line":123,"column":77}},{"start":{"line":123,"column":77},"end":{"line":123,"column":77}}]},"19":{"line":123,"type":"if","locations":[{"start":{"line":123,"column":99},"end":{"line":123,"column":99}},{"start":{"line":123,"column":99},"end":{"line":123,"column":99}}]},"20":{"line":132,"type":"if","locations":[{"start":{"line":132,"column":8},"end":{"line":132,"column":8}},{"start":{"line":132,"column":8},"end":{"line":132,"column":8}}]},"21":{"line":133,"type":"if","locations":[{"start":{"line":133,"column":8},"end":{"line":133,"column":8}},{"start":{"line":133,"column":8},"end":{"line":133,"column":8}}]},"22":{"line":140,"type":"if","locations":[{"start":{"line":140,"column":65},"end":{"line":140,"column":65}},{"start":{"line":140,"column":65},"end":{"line":140,"column":65}}]},"23":{"line":141,"type":"if","locations":[{"start":{"line":141,"column":8},"end":{"line":141,"column":8}},{"start":{"line":141,"column":8},"end":{"line":141,"column":8}}]}}},"contracts/BaseDareProtocol.sol":{"l":{"53":0,"54":0,"58":0,"59":0,"67":0,"70":0,"72":0,"74":0,"85":0,"90":0,"91":0,"94":0,"96":0,"97":0,"102":0,"103":0,"106":0,"107":0,"110":0,"111":0,"114":0,"115":0,"116":0,"119":0,"121":0,"124":0,"126":0,"132":0,"133":0,"137":0,"138":0,"139":0,"140":0,"145":0,"149":0},"path":"/Users/mrrobot13/Desktop/basedarestar/basedare/contracts/BaseDareProtocol.sol","s":{"1":0,"2":0,"3":0,"4":0,"5":0,"6":0,"7":0,"8":0,"9":0,"10":0,"11":0,"12":0,"13":0,"14":0,"15":0,"16":0,"17":0,"18":0,"19":0,"20":0,"21":0,"22":0,"23":0,"24":0},"b":{"1":[0,0],"2":[0,0],"3":[0,0],"4":[0,0],"5":[0,0],"6":[0,0],"7":[0,0],"8":[0,0],"9":[0,0],"10":[0,0],"11":[0,0],"12":[0,0],"13":[0,0],"14":[0,0],"15":[0,0],"16":[0,0],"17":[0,0]},"f":{"1":0,"2":0,"3":0,"4":0,"5":0,"6":0,"7":0,"8":0,"9":0},"fnMap":{"1":{"name":"onlyOracle","line":52,"loc":{"start":{"line":52,"column":4},"end":{"line":55,"column":4}}},"2":{"name":"constructor","line":57,"loc":{"start":{"line":57,"column":4},"end":{"line":60,"column":4}}},"3":{"name":"createDare","line":66,"loc":{"start":{"line":66,"column":4},"end":{"line":86,"column":4}}},"4":{"name":"injectCapital","line":89,"loc":{"start":{"line":89,"column":4},"end":{"line":98,"column":4}}},"5":{"name":"verifyAndPayout","line":101,"loc":{"start":{"line":101,"column":4},"end":{"line":127,"column":4}}},"6":{"name":"setOracle","line":131,"loc":{"start":{"line":131,"column":4},"end":{"line":134,"column":4}}},"7":{"name":"withdrawFees","line":136,"loc":{"start":{"line":136,"column":4},"end":{"line":141,"column":4}}},"8":{"name":"pause","line":144,"loc":{"start":{"line":144,"column":4},"end":{"line":146,"column":4}}},"9":{"name":"unpause","line":148,"loc":{"start":{"line":148,"column":4},"end":{"line":150,"column":4}}}},"statementMap":{"1":{"start":{"line":53,"column":8},"end":{"line":53,"column":76}},"2":{"start":{"line":67,"column":8},"end":{"line":67,"column":46}},"3":{"start":{"line":70,"column":8},"end":{"line":70,"column":64}},"4":{"start":{"line":72,"column":8},"end":{"line":72,"column":37}},"5":{"start":{"line":85,"column":8},"end":{"line":85,"column":63}},"6":{"start":{"line":90,"column":8},"end":{"line":90,"column":77}},"7":{"start":{"line":91,"column":8},"end":{"line":91,"column":50}},"8":{"start":{"line":94,"column":8},"end":{"line":94,"column":64}},"9":{"start":{"line":97,"column":8},"end":{"line":97,"column":58}},"10":{"start":{"line":102,"column":8},"end":{"line":102,"column":42}},"11":{"start":{"line":103,"column":8},"end":{"line":103,"column":67}},"12":{"start":{"line":110,"column":8},"end":{"line":110,"column":67}},"13":{"start":{"line":111,"column":8},"end":{"line":111,"column":24}},"14":{"start":{"line":114,"column":8},"end":{"line":114,"column":4042}},"15":{"start":{"line":116,"column":12},"end":{"line":116,"column":49}},"16":{"start":{"line":119,"column":8},"end":{"line":119,"column":52}},"17":{"start":{"line":124,"column":8},"end":{"line":124,"column":47}},"18":{"start":{"line":126,"column":8},"end":{"line":126,"column":50}},"19":{"start":{"line":133,"column":8},"end":{"line":133,"column":38}},"20":{"start":{"line":137,"column":8},"end":{"line":137,"column":40}},"21":{"start":{"line":139,"column":8},"end":{"line":139,"column":41}},"22":{"start":{"line":140,"column":8},"end":{"line":140,"column":43}},"23":{"start":{"line":145,"column":8},"end":{"line":145,"column":15}},"24":{"start":{"line":149,"column":8},"end":{"line":149,"column":17}}},"branchMap":{"1":{"line":53,"type":"if","locations":[{"start":{"line":53,"column":8},"end":{"line":53,"column":8}},{"start":{"line":53,"column":8},"end":{"line":53,"column":8}}]},"2":{"line":66,"type":"if","locations":[{"start":{"line":66,"column":88},"end":{"line":66,"column":88}},{"start":{"line":66,"column":88},"end":{"line":66,"column":88}}]},"3":{"line":66,"type":"if","locations":[{"start":{"line":66,"column":102},"end":{"line":66,"column":102}},{"start":{"line":66,"column":102},"end":{"line":66,"column":102}}]},"4":{"line":67,"type":"if","locations":[{"start":{"line":67,"column":8},"end":{"line":67,"column":8}},{"start":{"line":67,"column":8},"end":{"line":67,"column":8}}]},"5":{"line":89,"type":"if","locations":[{"start":{"line":89,"column":70},"end":{"line":89,"column":70}},{"start":{"line":89,"column":70},"end":{"line":89,"column":70}}]},"6":{"line":89,"type":"if","locations":[{"start":{"line":89,"column":84},"end":{"line":89,"column":84}},{"start":{"line":89,"column":84},"end":{"line":89,"column":84}}]},"7":{"line":90,"type":"if","locations":[{"start":{"line":90,"column":8},"end":{"line":90,"column":8}},{"start":{"line":90,"column":8},"end":{"line":90,"column":8}}]},"8":{"line":91,"type":"if","locations":[{"start":{"line":91,"column":8},"end":{"line":91,"column":8}},{"start":{"line":91,"column":8},"end":{"line":91,"column":8}}]},"9":{"line":101,"type":"if","locations":[{"start":{"line":101,"column":78},"end":{"line":101,"column":78}},{"start":{"line":101,"column":78},"end":{"line":101,"column":78}}]},"10":{"line":101,"type":"if","locations":[{"start":{"line":101,"column":89},"end":{"line":101,"column":89}},{"start":{"line":101,"column":89},"end":{"line":101,"column":89}}]},"11":{"line":101,"type":"if","locations":[{"start":{"line":101,"column":103},"end":{"line":101,"column":103}},{"start":{"line":101,"column":103},"end":{"line":101,"column":103}}]},"12":{"line":103,"type":"if","locations":[{"start":{"line":103,"column":8},"end":{"line":103,"column":8}},{"start":{"line":103,"column":8},"end":{"line":103,"column":8}}]},"13":{"line":114,"type":"if","locations":[{"start":{"line":114,"column":8},"end":{"line":114,"column":8}},{"start":{"line":114,"column":8},"end":{"line":114,"column":8}}]},"14":{"line":131,"type":"if","locations":[{"start":{"line":131,"column":52},"end":{"line":131,"column":52}},{"start":{"line":131,"column":52},"end":{"line":131,"column":52}}]},"15":{"line":136,"type":"if","locations":[{"start":{"line":136,"column":37},"end":{"line":136,"column":37}},{"start":{"line":136,"column":37},"end":{"line":136,"column":37}}]},"16":{"line":144,"type":"if","locations":[{"start":{"line":144,"column":30},"end":{"line":144,"column":30}},{"start":{"line":144,"column":30},"end":{"line":144,"column":30}}]},"17":{"line":148,"type":"if","locations":[{"start":{"line":148,"column":32},"end":{"line":148,"column":32}},{"start":{"line":148,"column":32},"end":{"line":148,"column":32}}]}}},"contracts/HashHelper.sol":{"l":{"7":5},"path":"/Users/mrrobot13/Desktop/basedarestar/basedare/contracts/HashHelper.sol","s":{"1":5},"b":{},"f":{"1":5},"fnMap":{"1":{"name":"hashString","line":6,"loc":{"start":{"line":6,"column":4},"end":{"line":8,"column":4}}}},"statementMap":{"1":{"start":{"line":7,"column":8},"end":{"line":7,"column":58}}},"branchMap":{}}}